   19 lines identified from /export/data/scratch/bradc/data/oracdr/reduced/uist/20070523/HK_Ar

      Channel   Wavelength   Calculated  Discrepancy  Line#
     112.7790   23973.0996   23972.7949      -0.3047      1    
     124.0261   23851.5000   23852.0312       0.5312      2    
     190.2393   23139.5000   23140.0000       0.5000      3    
     288.4213   22083.1992   22081.0098      -2.1895      4    
     338.3824   21540.0996   21540.7891       0.6895      5    
     389.0355   20991.8008   20992.2402       0.4395      6    
     423.1413   20621.9004   20622.4375       0.5371      7    
     450.7318   20322.5996   20323.0273       0.4277      8    
     483.2445   19971.1992   19969.9238      -1.2754      9    
     496.7357   19822.9004   19823.3203       0.4199     10    
     624.6135   18432.8008   18431.5000      -1.3008     11    
     671.6608   17914.5996   17918.5430       3.9434     12    
     714.7440   17449.8008   17448.4453      -1.3555     13    
     760.9082   16945.5996   16944.3926      -1.2070     14    
     799.2101   16524.4004   16525.9473       1.5469     15    
     847.8914   15993.9004   15993.8438      -0.0566     16    
     856.3661   15904.0000   15901.1846      -2.8154     17    
     922.5118   15176.7998   15177.7432       0.9434     18    
     934.0485   15051.0000   15051.5283       0.5283     19    

 RMS error:       1.46, Line width used:  2.00

 Order of fit:   3

 0.7411938618026169D-07-0.2416253495409998D-03-0.1068325186088882D+02
 0.2518060877691640D+05
