   17 lines identified from /export/data/scratch/bradc/data/oracdr/reduced/uist/20070523/KL_Ar

      Channel   Wavelength   Calculated  Discrepancy  Line#
      20.6609   29796.8008   29798.3750       1.5742      1    
     110.2434   29134.0000   29132.0371      -1.9629      2    
     157.2458   28782.9004   28782.4961      -0.4043      3    
     179.1802   28620.1992   28619.4004      -0.7988      4    
     194.4070   28505.6992   28506.1934       0.4941      5    
     229.7133   28245.9004   28243.7344      -2.1660      6    
     235.1177   28202.4004   28203.5645       1.1641      7    
     290.1506   27793.5000   27794.5996       1.0996      8    
     408.1901   26917.0996   26918.0547       0.9551      9    
     418.1240   26843.0000   26844.3320       1.3320     10    
     457.6837   26550.3008   26550.8340       0.5332     11    
     576.7817   25668.0000   25668.1191       0.1191     12    
     598.1606   25512.1992   25509.8242      -2.3750     13    
     649.1812   25132.0996   25132.2656       0.1660     14    
     806.1445   23973.0996   23972.8438      -0.2559     15    
     822.5630   23851.5000   23851.7715       0.2715     16    
     919.2375   23139.5000   23139.7559       0.2559     17    

 RMS error:       1.18, Line width used:  2.00

 Order of fit:   3

 0.3023108777247558D-07 0.2961852888565412D-05-0.7439101192573673D+01
 0.2995207159582345D+05
