   14 lines identified from /export/data/bradc/oracdr/reduced/uist/20080622/HK_Ar

      Channel   Wavelength   Calculated  Discrepancy  Line#
     103.9878   23973.0996   23972.8672      -0.2324      1    
     115.2428   23851.5000   23851.8633       0.3633      2    
     181.4396   23139.5000   23139.3633      -0.1367      3    
     329.5794   21540.0996   21540.0391      -0.0605      4    
     380.2234   20991.8008   20991.8008       0.0000      5    
     414.3233   20621.9004   20622.2441       0.3438      6    
     441.9278   20322.5996   20322.8418       0.2422      7    
     474.4319   19971.1992   19970.0254      -1.1738      8    
     487.9371   19822.9004   19823.3477       0.4473      9    
     752.0614   16945.5996   16945.0957      -0.5039     10    
     790.3545   16524.4004   16526.3516       1.9512     11    
     839.0353   15993.9004   15993.5137      -0.3867     12    
     925.1842   15051.0000   15049.2266      -1.7734     13    
     997.6157   14253.0996   14254.0205       0.9209     14    

 RMS error:       0.85, Line width used:  2.00

 Order of fit:   3

 0.1937190728756244D-07-0.1647005206648941D-03-0.1071578400331250D+02
 0.2508893773812542D+05
