   17 lines identified from /net/alba/data/reduced/uist/20010817/spec_51

      Channel   Wavelength   Calculated  Discrepancy  Line#
      19.7868   16184.4404   16184.7764       0.3359      1    
      48.2700   16127.0596   16127.1172       0.0576      2    
     114.4233   15993.8604   15993.5605      -0.2998      3    
     159.1408   15904.0303   15903.5557      -0.4746      4    
     407.8020   15406.8496   15406.6797      -0.1699      5    
     433.8937   15353.4502   15354.8613       1.4111      6    
     444.7957   15333.5303   15333.2266      -0.3037      7    
     458.5793   15306.0596   15305.8857      -0.1738      8    
     523.7497   15176.8398   15176.8105      -0.0293      9    
     587.6139   15050.6104   15050.6143       0.0039     10    
     720.1896   14790.1104   14789.4551      -0.6553     11    
     743.7923   14743.1699   14743.0625      -0.1074     12    
     767.2104   14697.0195   14697.0596       0.0400     13    
     789.0103   14654.3496   14654.2588      -0.0908     14    
     797.1559   14638.4199   14638.2725      -0.1475     15    
     816.5064   14599.7197   14600.3057       0.5859     16    
     993.7973   14253.0898   14253.1064       0.0166     17    

 RMS error:       0.45, Line width used:  2.00

 Order of fit:   3

-0.1600564955688269D-07 0.6048839620596404D-04-0.2028393979351223D+01
 0.1622488846560222D+05
