ORAC-DR logfile - created on Thu Feb  3 06:23:23 2000 UT

ORAC Environment:

	Instrument : SCUBA
	Input  Dir : /scuba/m99b/20000127/
	Output Dir : /users/timj/oracdr/docs/sun231
	Calibration: /jcmt_sw/oracdr_cal/scuba
	ORAC   Dir : /home/timj/oracdr
	ORAC   Lib : /home/timj/oracdr/lib/perl5
	Additional Recipe Dir   : <undefined>
	Additional Primitive Dir : <undefined>

System environment:

	Hostname        : lapaki
	User name       : timj
	Perl version    : 5.00503
	Operating System: linux

ORAC-DR Arguments: -ut 20000127

Session:

[34mORAC says: Starting up monoliths...[0m[34mDone
[0m[34mSetting up display infrastructure (display tools will not be started until necessary)...[0m[34mDone
[0m[35mNo observation numbers supplied - starting from obs 1
[0m[35mChecking for next data file: 20000127_dem_0001.sdf[0m[35m.[0m[35m
Found
[0m[33mREDUCING: 20000127_dem_0001.sdf
[0m[34mA new group 20000127_grp_0001 has been created
[0m