D STREDUCE
D DENCBASE
D DETINCR
D DETNINCR
# Add a temporary anchor header to the end so we can insert headers
# before it.
W ANCHOR F 'Dummy header'
U WFREQ(ANCHOR)   $V ALICE waveform state frequency [Mhz]
D ANCHOR
U VLD_INA(WFREQ)  $V ALICE VLOAD_INACTIVE voltage [V]
U VLD_A(VLD_INA)  $V ALICE VLOAD_ACTIVE voltage [V]
U VLCLR(VLD_A)    $V ALICE VLCLR voltage [V]
U V3(VLCLR)       $V ALICE V3 voltage [V]
U VDDOUT(V3)      $V ALICE VDDOUT voltage [V]
U VGG_INA(VDDOUT) $V ALICE VGG_INACTIVE voltage [V]
U VGG_A(VGG_INA)  $V ALICE VGG_ACTIVE voltage [V]
U VDETGATE(VGG_A) $V ALICE VDETGATE voltage [V]
U VDDUC(VDETGATE) $V ALICE VDDUC voltage [V]
U DET_BIAS(VDDUC) $V ALICE DET_BIAS voltage [V]
U VDET(DET_BIAS)  $V ALICE VDET voltage [V]
U VSLEW(VDET)     $V ALICE VSLEW voltage [V]
U CLOCK6(VSLEW)   $V ALICE CLOCK6 voltage [V]
U CLOCK5(CLOCK6)  $V ALICE CLOCK5 voltage [V]
U CLOCK4(CLOCK5)  $V ALICE CLOCK4 voltage [V]
U CLOCK3(CLOCK4)  $V ALICE CLOCK3 voltage [V]
U CLOCK2(CLOCK3)  $V ALICE CLOCK2 voltage [V]
U CLOCK1(CLOCK2)  $V ALICE CLOCK1 voltage [V]
U CLOCK0(CLOCK1)  $V ALICE CLOCK0 voltage [V]
# Note the order of the following two commands is important to place the
# READ_INT correctly, i.e. ahead of the blank line.
U READ_INT(CLOCK0) $V NDR read interval [s]
W (CLOCK0) . " "
U CHOP_DEL(READ_INT) $V CHOP delay [s]
U RESET_DL(CHOP_DEL) $V NDR reset delay [s]
U DFOCUS(RESET_DL) $V Detector focus
# Note the order of the following three commands is important to place the
# RDOUT_Y2 ahead of the engineering comment and blank line.
M RDOUT_Y2(DFOCUS)
W (DFOCUS) . " "
W (DFOCUS) . "                        Engineering:"
M RDOUT_Y1(RDOUT_Y2)
M RDOUT_X2(RDOUT_Y1)
M RDOUT_X1(RDOUT_X2)
U DCOLUMNS(RDOUT_X1) $V Number of detectors in a column
U DROWS(DCOLUMNS)    $V Number of detectors in a row
M DETECTOR(DROWS)
U WPLANGLE(DETECTOR) $V "IRPOL wavelplate angle [deg]"
W (DETECTOR) . " "
U LINEAR(WPLANGLE)   $V Whether or not linearisation enabled
U IF_SHARP(LINEAR)   $V Whether or not shift and add enabled
U CHOPDIFF(IF_SHARP) $V Whether or not main-offset beam value restored
M FILTERS(CHOPDIFF)
M FILTER2(FILTERS)
M FILTER1(FILTER2)
M FILTER(FILTER1)
M DEPERDN(FILTER)
W (FILTER) . " "
M INTTYPE(DEPERDN)
M MODE(INTTYPE)
U NEXP(MODE)         $V Number of exposures in the integration
U NEXP_PH(NEXP)      $V Number of exposures in each chop phase
# NINT may not exist so use NEXP_PH as insertion point and insert in
# reverse order.
U EXPOSED(NEXP_PH)   $V Total integration time (sum of all co-adds) [s]
M NINT(NEXP_PH)
#
U DEXPTIME(EXPOSED)  $V Exposure time for each co-add [s]
U RUTEND(DEXPTIME)   $V End UTC of observation (DR efficiency) [h]
W (DEXPTIME) . " "
W (DEXPTIME) . "                        Instrument Configuration:"
U RUTSTART(RUTEND)   $V Start UTC of observation (DR efficiency) [h]
U AMEND(RUTSTART)    $V Airmass at the end of the observation
U AMSTART(AMEND)     $V Airmass at the start of the observation
U DECOFF(AMSTART)    $V Telescope offset in Dec at equinox [arcsec]
U RAOFF(DECOFF)      $V Telescope offset in RA at equinox [arcsec]
U DECBASE(RAOFF)     $V Offset zero point Dec at equinox [deg]
U RABASE(DECBASE)    $V Offset zero point RA at equinox [h]
U PIXELSIZ(RABASE)   $V Pixelsize [arcsec]
#
W (RABASE) . " "
U MEANDEC(PIXELSIZ)  $V Object Dec at equinox [deg]
#
U MEANRA(MEANDEC)    $V Object RA at equinox [deg]
M CROTA2(MEANRA)
#
W (MEANRA) . " "
U EQUINOX(CROTA2)    $V Equinox of object position, FK5 [yr]
#
U DRRECIPE(EQUINOX)  $V Data-reduction recipe
W (EQUINOX) . " "
W (EQUINOX) . "                        Astrometric and time information:"
# GRPMEM, STANDARD and NOFFSETS may not be present to insert at position
# of one keyword which will be present, viz. DRRECIPE.  Note the reverse
# insertion order.
M GRPNUM(DRRECIPE)
M GRPMEM(DRRECIPE)
M OBSTYPE(DRRECIPE)
M STANDARD(DRRECIPE)
M NOFFSETS(DRRECIPE)
#
M OBSNUM(GRPNUM)
M IDATE(OBSNUM)
W (OBSNUM) . " "
W (OBSNUM) . "                        Data reduction:"
M UTDATE(IDATE)
W ORIGIN(UTDATE) "JAC, Hilo, Hawaii"
M OBJCLASS(ORIGIN)
M OBJECT(OBJCLASS)
M RUN(OBJECT)
M OBSREF(RUN)
M OBSERVER(OBSREF)
U INSTRUME(OBSERVER) $V $C
M TELESCOP(INSTRUME)
