   25 lines identified from /scratch/bradc/data/oracdr/reduced/uist/20060202/HK_Ar

      Channel   Wavelength   Calculated  Discrepancy  Line#
     105.0338   23973.0996   23972.8848      -0.2148      1    
     116.2926   23851.5000   23851.9414       0.4414      2    
     182.4893   23139.5000   23139.8672       0.3672      3    
     280.6568   22083.1992   22080.9551      -2.2441      4    
     330.6218   21540.0996   21540.7422       0.6426      5    
     349.2004   21338.6992   21339.6680       0.9688      6    
     381.2585   20991.8008   20992.4590       0.6582      7    
     397.4388   20816.6992   20817.0977       0.3984      8    
     404.7767   20740.0996   20737.5449      -2.5547      9    
     415.3575   20621.9004   20622.8066       0.9062     10    
     442.9448   20322.5996   20323.5000       0.9004     11    
     475.4642   19971.1992   19970.4082      -0.7910     12    
     488.9773   19822.9004   19823.6016       0.7012     13    
     587.3358   18750.0996   18753.6309       3.5312     14    
     598.3650   18637.4004   18633.5059      -3.8945     15    
     603.7952   18574.0000   18574.3535       0.3535     16    
     616.8274   18432.8008   18432.3633      -0.4375     17    
     706.9431   17449.8008   17449.5332      -0.2676     18    
     771.4257   16744.6992   16745.2988       0.5996     19    
     791.4023   16524.4004   16526.9824       2.5820     20    
     799.1374   16441.0000   16442.4297       1.4297     21    
     823.0938   16184.4004   16180.5039      -3.8965     22    
     840.0973   15993.9004   15994.5449       0.6445     23    
     848.5673   15904.0000   15901.8965      -2.1035     24    
     914.7083   15176.7998   15178.0811       1.2812     25    

 RMS error:       1.74, Line width used:  2.00

 Order of fit:   3

 0.5575657699738432E-07-0.2136168131062396E-03-0.1069693815128074E+02
 0.2509871808016507E+05
