   15 lines identified from /scratch/bradc/data/oracdr/reduced/uist/20060202/KL_Ar

      Channel   Wavelength   Calculated  Discrepancy  Line#
      16.4082   29796.8008   29797.8809       1.0801      1    
     105.8700   29134.0000   29132.7695      -1.2305      2    
     152.9617   28782.9004   28782.6895      -0.2109      3    
     174.9074   28620.1992   28619.5605      -0.6387      4    
     190.2538   28505.6992   28505.4941      -0.2051      5    
     225.4790   28245.9004   28243.7031      -2.1973      6    
     230.7442   28202.4004   28204.5781       2.1777      7    
     285.9702   27793.5000   27794.2617       0.7617      8    
     404.0461   26917.0996   26917.6074       0.5078      9    
     414.0130   26843.0000   26843.6562       0.6562     10    
     453.5760   26550.3008   26550.1973      -0.1035     11    
     645.1365   25132.0996   25131.6836      -0.4160     12    
     802.1884   23973.0996   23972.5156      -0.5840     13    
     818.6304   23851.5000   23851.4004      -0.0996     14    
     915.3474   23139.5000   23140.0039       0.5039     15    

 RMS error:       0.99, Line width used:  2.00

 Order of fit:   3

 0.4016099636035181E-07-0.6805982543823812E-05-0.7434294013769074E+01
 0.2991986686805763E+05
